<?xml version="1.0" encoding="UTF-8"?>
<testng-results ignored="0" total="5" passed="0" failed="5" skipped="0">
  <reporter-output>
  </reporter-output>
  <suite started-at="2021-12-24T22:45:19 IST" name="Default suite" finished-at="2021-12-24T22:45:22 IST" duration-ms="2825">
    <groups>
      <group name="cucumber">
        <method signature="AbstractTestNGCucumberTests.runScenario(io.cucumber.testng.PickleWrapper,io.cucumber.testng.FeatureWrapper)[pri:0, instance:testng.TestRunner@47987356]" name="runScenario" class="io.cucumber.testng.AbstractTestNGCucumberTests"/>
      </group> <!-- cucumber -->
    </groups>
    <test started-at="2021-12-24T22:45:19 IST" name="Default test" finished-at="2021-12-24T22:45:22 IST" duration-ms="2825">
      <class name="testng.TestRunner">
        <test-method is-config="true" signature="setUpClass(org.testng.ITestContext)[pri:0, instance:testng.TestRunner@47987356]" started-at="2021-12-24T22:45:19 IST" name="setUpClass" finished-at="2021-12-24T22:45:19 IST" duration-ms="224" status="PASS">
          <params>
            <param index="0">
              <value>
                <![CDATA[org.testng.TestRunner@4d33940d]]>
              </value>
            </param>
          </params>
          <reporter-output>
          </reporter-output>
        </test-method> <!-- setUpClass -->
        <test-method signature="runScenario(io.cucumber.testng.PickleWrapper,io.cucumber.testng.FeatureWrapper)[pri:0, instance:testng.TestRunner@47987356]" started-at="2021-12-24T22:45:19 IST" name="runScenario" description="Runs Cucumber Scenarios" data-provider="scenarios" finished-at="2021-12-24T22:45:22 IST" duration-ms="2508" status="FAIL">
          <params>
            <param index="0">
              <value>
                <![CDATA["User opens Home Page"]]>
              </value>
            </param>
            <param index="1">
              <value>
                <![CDATA["Optional[FlyAway Ticket Booking]"]]>
              </value>
            </param>
          </params>
          <exception class="org.openqa.selenium.SessionNotCreatedException">
            <message>
              <![CDATA[session not created: This version of ChromeDriver only supports Chrome version 94
Current browser version is 96.0.4664.110 with binary path C:\Program Files\Google\Chrome\Application\chrome.exe
Build info: version: '3.141.59', revision: 'e82be7d358', time: '2018-11-14T08:17:03'
System info: host: 'CSCO-W-PF2S3WPD', ip: '192.168.0.4', os.name: 'Windows 10', os.arch: 'amd64', os.version: '10.0', java.version: '11.0.13'
Driver info: driver.version: ChromeDriver
remote stacktrace: Backtrace:
Ordinal0 [0x0028BDE3+2473443]
Ordinal0 [0x00226661+2057825]
Ordinal0 [0x00132438+1057848]
Ordinal0 [0x0015054A+1181002]
Ordinal0 [0x0014C435+1164341]
Ordinal0 [0x00149CAF+1154223]
Ordinal0 [0x00179ADF+1350367]
Ordinal0 [0x0017974A+1349450]
Ordinal0 [0x001755AB+1332651]
Ordinal0 [0x00152104+1188100]
Ordinal0 [0x00152F59+1191769]
GetHandleVerifier [0x00412266+1549718]
GetHandleVerifier [0x004BD4A7+2250711]
GetHandleVerifier [0x0031718B+521403]
GetHandleVerifier [0x00316229+517465]
Ordinal0 [0x0022B79D+2078621]
Ordinal0 [0x0022FB58+2095960]
Ordinal0 [0x0022FC92+2096274]
Ordinal0 [0x00239541+2135361]
BaseThreadInitThunk [0x7728FA29+25]
RtlGetAppContainerNamedObjectPath [0x776A7A9E+286]
RtlGetAppContainerNamedObjectPath [0x776A7A6E+238]
(No symbol) [0x00000000]
]]>
            </message>
            <full-stacktrace>
              <![CDATA[org.openqa.selenium.SessionNotCreatedException: session not created: This version of ChromeDriver only supports Chrome version 94
Current browser version is 96.0.4664.110 with binary path C:\Program Files\Google\Chrome\Application\chrome.exe
Build info: version: '3.141.59', revision: 'e82be7d358', time: '2018-11-14T08:17:03'
System info: host: 'CSCO-W-PF2S3WPD', ip: '192.168.0.4', os.name: 'Windows 10', os.arch: 'amd64', os.version: '10.0', java.version: '11.0.13'
Driver info: driver.version: ChromeDriver
remote stacktrace: Backtrace:
Ordinal0 [0x0028BDE3+2473443]
Ordinal0 [0x00226661+2057825]
Ordinal0 [0x00132438+1057848]
Ordinal0 [0x0015054A+1181002]
Ordinal0 [0x0014C435+1164341]
Ordinal0 [0x00149CAF+1154223]
Ordinal0 [0x00179ADF+1350367]
Ordinal0 [0x0017974A+1349450]
Ordinal0 [0x001755AB+1332651]
Ordinal0 [0x00152104+1188100]
Ordinal0 [0x00152F59+1191769]
GetHandleVerifier [0x00412266+1549718]
GetHandleVerifier [0x004BD4A7+2250711]
GetHandleVerifier [0x0031718B+521403]
GetHandleVerifier [0x00316229+517465]
Ordinal0 [0x0022B79D+2078621]
Ordinal0 [0x0022FB58+2095960]
Ordinal0 [0x0022FC92+2096274]
Ordinal0 [0x00239541+2135361]
BaseThreadInitThunk [0x7728FA29+25]
RtlGetAppContainerNamedObjectPath [0x776A7A9E+286]
RtlGetAppContainerNamedObjectPath [0x776A7A6E+238]
(No symbol) [0x00000000]

at java.base/jdk.internal.reflect.NativeConstructorAccessorImpl.newInstance0(Native Method)
at java.base/jdk.internal.reflect.NativeConstructorAccessorImpl.newInstance(NativeConstructorAccessorImpl.java:62)
at java.base/jdk.internal.reflect.DelegatingConstructorAccessorImpl.newInstance(DelegatingConstructorAccessorImpl.java:45)
at java.base/java.lang.reflect.Constructor.newInstance(Constructor.java:490)
at org.openqa.selenium.remote.W3CHandshakeResponse.lambda$errorHandler$0(W3CHandshakeResponse.java:62)
at org.openqa.selenium.remote.HandshakeResponse.lambda$getResponseFunction$0(HandshakeResponse.java:30)
at org.openqa.selenium.remote.ProtocolHandshake.lambda$createSession$0(ProtocolHandshake.java:126)
at java.base/java.util.stream.ReferencePipeline$3$1.accept(ReferencePipeline.java:195)
at java.base/java.util.Spliterators$ArraySpliterator.tryAdvance(Spliterators.java:958)
at java.base/java.util.stream.ReferencePipeline.forEachWithCancel(ReferencePipeline.java:127)
at java.base/java.util.stream.AbstractPipeline.copyIntoWithCancel(AbstractPipeline.java:502)
at java.base/java.util.stream.AbstractPipeline.copyInto(AbstractPipeline.java:488)
at java.base/java.util.stream.AbstractPipeline.wrapAndCopyInto(AbstractPipeline.java:474)
at java.base/java.util.stream.FindOps$FindOp.evaluateSequential(FindOps.java:150)
at java.base/java.util.stream.AbstractPipeline.evaluate(AbstractPipeline.java:234)
at java.base/java.util.stream.ReferencePipeline.findFirst(ReferencePipeline.java:543)
at org.openqa.selenium.remote.ProtocolHandshake.createSession(ProtocolHandshake.java:128)
at org.openqa.selenium.remote.ProtocolHandshake.createSession(ProtocolHandshake.java:74)
at org.openqa.selenium.remote.HttpCommandExecutor.execute(HttpCommandExecutor.java:136)
at org.openqa.selenium.remote.service.DriverCommandExecutor.execute(DriverCommandExecutor.java:83)
at org.openqa.selenium.remote.RemoteWebDriver.execute(RemoteWebDriver.java:552)
at org.openqa.selenium.remote.RemoteWebDriver.startSession(RemoteWebDriver.java:213)
at org.openqa.selenium.remote.RemoteWebDriver.<init>(RemoteWebDriver.java:131)
at org.openqa.selenium.chrome.ChromeDriver.<init>(ChromeDriver.java:181)
at org.openqa.selenium.chrome.ChromeDriver.<init>(ChromeDriver.java:168)
at org.openqa.selenium.chrome.ChromeDriver.<init>(ChromeDriver.java:123)
at steps.LoginSteps.user_has_opened_application(LoginSteps.java:28)
at ✽.user has opened Application(file:///C:/Users/atgore/OneDrive%20-%20Cisco/Documents/Java_Prac/CapstoneBDD/src/test/resources/features/FlyAway.feature:26)
]]>
            </full-stacktrace>
          </exception> <!-- org.openqa.selenium.SessionNotCreatedException -->
          <reporter-output>
          </reporter-output>
        </test-method> <!-- runScenario -->
        <test-method signature="runScenario(io.cucumber.testng.PickleWrapper,io.cucumber.testng.FeatureWrapper)[pri:0, instance:testng.TestRunner@47987356]" started-at="2021-12-24T22:45:22 IST" name="runScenario" description="Runs Cucumber Scenarios" data-provider="scenarios" finished-at="2021-12-24T22:45:22 IST" duration-ms="11" status="FAIL">
          <params>
            <param index="0">
              <value>
                <![CDATA["User Registration"]]>
              </value>
            </param>
            <param index="1">
              <value>
                <![CDATA["Optional[FlyAway Ticket Booking]"]]>
              </value>
            </param>
          </params>
          <exception class="java.lang.NullPointerException">
            <full-stacktrace>
              <![CDATA[java.lang.NullPointerException
at steps.SignupClass.SignUp(SignupClass.java:16)
at steps.LoginSteps.user_has_opened_login_page(LoginSteps.java:51)
at ✽.user has opened login page(file:///C:/Users/atgore/OneDrive%20-%20Cisco/Documents/Java_Prac/CapstoneBDD/src/test/resources/features/FlyAway.feature:33)
]]>
            </full-stacktrace>
          </exception> <!-- java.lang.NullPointerException -->
          <reporter-output>
          </reporter-output>
        </test-method> <!-- runScenario -->
        <test-method signature="runScenario(io.cucumber.testng.PickleWrapper,io.cucumber.testng.FeatureWrapper)[pri:0, instance:testng.TestRunner@47987356]" started-at="2021-12-24T22:45:22 IST" name="runScenario" description="Runs Cucumber Scenarios" data-provider="scenarios" finished-at="2021-12-24T22:45:22 IST" duration-ms="9" status="FAIL">
          <params>
            <param index="0">
              <value>
                <![CDATA["Login Page"]]>
              </value>
            </param>
            <param index="1">
              <value>
                <![CDATA["Optional[FlyAway Ticket Booking]"]]>
              </value>
            </param>
          </params>
          <exception class="java.lang.NullPointerException">
            <full-stacktrace>
              <![CDATA[java.lang.NullPointerException
at steps.LoginClass.Login(LoginClass.java:14)
at steps.LoginSteps.user_opened_login_page_and_enter_details(LoginSteps.java:89)
at ✽.user opened login page and enter details(file:///C:/Users/atgore/OneDrive%20-%20Cisco/Documents/Java_Prac/CapstoneBDD/src/test/resources/features/FlyAway.feature:40)
]]>
            </full-stacktrace>
          </exception> <!-- java.lang.NullPointerException -->
          <reporter-output>
          </reporter-output>
        </test-method> <!-- runScenario -->
        <test-method signature="runScenario(io.cucumber.testng.PickleWrapper,io.cucumber.testng.FeatureWrapper)[pri:0, instance:testng.TestRunner@47987356]" started-at="2021-12-24T22:45:22 IST" name="runScenario" description="Runs Cucumber Scenarios" data-provider="scenarios" finished-at="2021-12-24T22:45:22 IST" duration-ms="11" status="FAIL">
          <params>
            <param index="0">
              <value>
                <![CDATA["Flight Ticket Booking"]]>
              </value>
            </param>
            <param index="1">
              <value>
                <![CDATA["Optional[FlyAway Ticket Booking]"]]>
              </value>
            </param>
          </params>
          <exception class="java.lang.NullPointerException">
            <full-stacktrace>
              <![CDATA[java.lang.NullPointerException
at steps.BookingClass.Booking(BookingClass.java:13)
at steps.LoginSteps.user_has_loged_successfully_and_clicks_on_home(LoginSteps.java:108)
at ✽.user has loged successfully and clicks on home(file:///C:/Users/atgore/OneDrive%20-%20Cisco/Documents/Java_Prac/CapstoneBDD/src/test/resources/features/FlyAway.feature:47)
]]>
            </full-stacktrace>
          </exception> <!-- java.lang.NullPointerException -->
          <reporter-output>
          </reporter-output>
        </test-method> <!-- runScenario -->
        <test-method signature="runScenario(io.cucumber.testng.PickleWrapper,io.cucumber.testng.FeatureWrapper)[pri:0, instance:testng.TestRunner@47987356]" started-at="2021-12-24T22:45:22 IST" name="runScenario" description="Runs Cucumber Scenarios" data-provider="scenarios" finished-at="2021-12-24T22:45:22 IST" duration-ms="7" status="FAIL">
          <params>
            <param index="0">
              <value>
                <![CDATA["View Booking Status"]]>
              </value>
            </param>
            <param index="1">
              <value>
                <![CDATA["Optional[FlyAway Ticket Booking]"]]>
              </value>
            </param>
          </params>
          <exception class="java.lang.NullPointerException">
            <full-stacktrace>
              <![CDATA[java.lang.NullPointerException
at steps.ViewBookings.Views(ViewBookings.java:16)
at steps.LoginSteps.user_complete_booking(LoginSteps.java:132)
at ✽.user complete booking(file:///C:/Users/atgore/OneDrive%20-%20Cisco/Documents/Java_Prac/CapstoneBDD/src/test/resources/features/FlyAway.feature:54)
]]>
            </full-stacktrace>
          </exception> <!-- java.lang.NullPointerException -->
          <reporter-output>
          </reporter-output>
        </test-method> <!-- runScenario -->
        <test-method is-config="true" signature="tearDownClass()[pri:0, instance:testng.TestRunner@47987356]" started-at="2021-12-24T22:45:22 IST" name="tearDownClass" finished-at="2021-12-24T22:45:22 IST" duration-ms="10" status="PASS">
          <reporter-output>
          </reporter-output>
        </test-method> <!-- tearDownClass -->
      </class> <!-- testng.TestRunner -->
    </test> <!-- Default test -->
  </suite> <!-- Default suite -->
</testng-results>
